[info]: 17时49分37秒: Running stat module...
[info]: 21:02:23: Running stat module...
[info]: 21:02:23: Running stat module...
[info]: 21:10:57: Running stat module...
[info]: 21:10:57: Running stat module...
[info]: 21:11:06: OnMaximize
[info]: 21:11:13: Running stat module...
[info]: 21:11:14: Running stat module...
[info]: 21:15:52: Running stat module...
[info]: 21:15:52: Running stat module...
[info]: 21:15:55: Running stat module...
[info]: 21:15:58: Running stat module...
[info]: 21:15:59: Running stat module...
[info]: 21:16:02: OnCellLeftClick: (2,3) (449, 79)
[info]: 21:16:02: OnRangeSelect: Deselected  top-left (0, 0), bottom-right (24, 24)
[info]: 21:16:02: OnSelectCell: Selected (2,3) (-1, -1)
[info]: 21:16:03: OnCellLeftDClick: (2,3) (449, 79)
[info]: 21:16:03: OnRangeSelect: Deselected  top-left (0, 0), bottom-right (24, 24)
[info]: 21:16:03: OnEditorShown: (2,3) (-1, -1)
[info]: 21:16:03: OnEditorCreated: (2, 3) <wx._controls.TextCtrl; proxy of <Swig Object of type 'wxTextCtrl *' at 0x2fbdc68> >
[info]: 21:16:04: OnEditorHidden: (2,3) (-1, -1)
[info]: 21:16:04: OnCellLeftClick: (2,0) (117, 89)
[info]: 21:16:04: OnRangeSelect: Deselected  top-left (0, 0), bottom-right (24, 24)
[info]: 21:16:04: OnSelectCell: Selected (2,0) (-1, -1)
[info]: 21:16:04: OnCellLeftDClick: (2,0) (117, 89)
[info]: 21:16:04: OnRangeSelect: Deselected  top-left (0, 0), bottom-right (24, 24)
[info]: 21:16:04: OnEditorShown: (2,0) (-1, -1)
[info]: 21:16:53: Running stat module...
[info]: 21:16:53: Running stat module...
[info]: 21:23:22: Running stat module...
[info]: 21:23:22: Running stat module...
[info]: 21:23:29: OnCellLeftClick: (0,0) (129, 36)
[info]: 21:23:29: OnRangeSelect: Deselected  top-left (0, 0), bottom-right (24, 24)
[info]: 21:23:29: OnSelectCell: Selected (0,0) (-1, -1)
[info]: 21:23:29: OnRangeSelect: Deselected  top-left (0, 0), bottom-right (24, 24)
[info]: 21:23:29: OnEditorShown: (0,0) (-1, -1)
[info]: 21:23:29: OnEditorCreated: (0, 0) <wx._controls.TextCtrl; proxy of <Swig Object of type 'wxTextCtrl *' at 0x30ad9c0> >
[info]: 21:23:30: OnEditorHidden: (0,0) (-1, -1)
[info]: 21:23:31: Running stat module...
[info]: 21:34:02: OnCellLeftClick: (5,0) (135, 164)
[info]: 21:34:02: OnRangeSelect: Deselected  top-left (0, 0), bottom-right (24, 24)
[info]: 21:34:02: OnSelectCell: Selected (5,0) (-1, -1)
[info]: 21:34:02: OnCellLeftDClick: (5,0) (134, 164)
[info]: 21:34:02: OnRangeSelect: Deselected  top-left (0, 0), bottom-right (24, 24)
[info]: 21:34:02: OnEditorShown: (5,0) (-1, -1)
[info]: 21:34:02: OnEditorCreated: (5, 0) <wx._controls.SpinCtrl; proxy of <Swig Object of type 'wxSpinCtrl *' at 0x1b94f90> >
[info]: 21:34:03: OnEditorHidden: (5,0) (-1, -1)
[info]: 21:34:03: OnCellLeftClick: (11,1) (266, 329)
[info]: 21:34:03: OnRangeSelect: Deselected  top-left (0, 0), bottom-right (24, 24)
[info]: 21:34:04: OnCellLeftClick: (4,0) (102, 129)
[info]: 21:34:04: OnRangeSelect: Deselected  top-left (0, 0), bottom-right (24, 24)
[info]: 21:34:04: OnSelectCell: Selected (4,0) (-1, -1)
[info]: 21:34:04: OnCellLeftDClick: (4,0) (102, 129)
[info]: 21:34:04: OnRangeSelect: Deselected  top-left (0, 0), bottom-right (24, 24)
[info]: 21:34:04: OnEditorShown: (4,0) (-1, -1)
[info]: 21:34:04: OnEditorCreated: (4, 0) <wx._controls.TextCtrl; proxy of <Swig Object of type 'wxTextCtrl *' at 0x3072c50> >
[info]: 21:34:44: Running stat module...
[info]: 21:34:44: Running stat module...
[info]: 21:35:26: OnCellLeftClick: (11,1) (370, 293)
[info]: 21:35:26: OnRangeSelect: Deselected  top-left (0, 0), bottom-right (24, 24)
[info]: 21:35:26: OnSelectCell: Selected (11,1) (-1, -1)
[info]: 21:35:27: OnCellLeftClick: (3,1) (172, 101)
[info]: 21:35:27: OnRangeSelect: Deselected  top-left (0, 0), bottom-right (24, 24)
[info]: 21:35:27: OnSelectCell: Selected (3,1) (-1, -1)
[info]: 21:35:27: OnCellLeftDClick: (3,1) (172, 101)
[info]: 21:35:27: OnRangeSelect: Deselected  top-left (0, 0), bottom-right (24, 24)
[info]: 21:35:27: OnEditorShown: (3,1) (-1, -1)
[info]: 21:35:27: OnEditorCreated: (3, 1) <wx._controls.TextCtrl; proxy of <Swig Object of type 'wxTextCtrl *' at 0x30f8398> >
[info]: 21:35:31: OnEditorHidden: (3,1) (-1, -1)
[info]: 21:35:31: Running stat module...
[info]: 21:35:31: Running stat module...
[info]: 21:35:32: Running stat module...
[info]: 21:35:34: Running stat module...
[info]: 21:35:35: Running stat module...
[info]: 21:35:36: Running stat module...
[info]: 21:35:40: Running stat module...
[info]: 21:36:49: Running stat module...
[info]: 21:36:55: Running stat module...
[info]: 21:36:55: Running stat module...
[info]: 21:36:59: OnCellLeftClick: (8,3) (334, 228)
[info]: 21:36:59: OnRangeSelect: Deselected  top-left (0, 0), bottom-right (24, 24)
[info]: 21:36:59: OnSelectCell: Selected (8,3) (-1, -1)
[info]: 21:37:00: OnCellLeftClick: (8,3) (353, 231)
[info]: 21:37:00: OnRangeSelect: Deselected  top-left (0, 0), bottom-right (24, 24)
[info]: 21:37:00: OnSelectCell: Selected (8,3) (-1, -1)
[info]: 21:37:00: OnRangeSelect: Deselected  top-left (0, 0), bottom-right (24, 24)
[info]: 21:37:00: OnEditorShown: (8,3) (-1, -1)
[info]: 21:37:00: OnEditorCreated: (8, 3) <wx._controls.TextCtrl; proxy of <Swig Object of type 'wxTextCtrl *' at 0x30229d0> >
[info]: 21:37:00: OnEditorHidden: (8,3) (-1, -1)
[info]: 21:37:00: OnCellLeftClick: (16,2) (273, 411)
[info]: 21:37:00: OnRangeSelect: Deselected  top-left (0, 0), bottom-right (24, 24)
[info]: 21:37:00: OnSelectCell: Selected (16,2) (-1, -1)
[info]: 21:37:01: OnMaximize
[info]: 21:39:00: Running stat module...
[info]: 21:39:04: Running stat module...
[info]: 21:39:04: Running stat module...
[info]: 21:40:36: Running stat module...
[info]: 21:41:12: Running stat module...
[info]: 21:42:54: Running stat module...
[info]: 21:43:06: Running stat module...
