[info]: 09时58分38秒: Running stat module...
[info]: 09时58分56秒: Running stat module...
[info]: 09时58分58秒: Running stat module...
[info]: 09时59分00秒: Running stat module...
[info]: 09时59分01秒: Running stat module...
[info]: 09时59分02秒: Running stat module...
[info]: 09时59分03秒: Running stat module...
[info]: 09时59分03秒: Running stat module...
[info]: 09时59分04秒: Running stat module...
[info]: 09时59分04秒: Running stat module...
[info]: 09时59分04秒: Running stat module...
[info]: 10时19分36秒: Running stat module...
[info]: 10时19分46秒: OnCellLeftClick: (19,5) (618, 539)
[info]: 10时19分46秒: OnRangeSelect: Deselected  top-left (0, 0), bottom-right (24, 24)
[info]: 10时19分46秒: OnSelectCell: Selected (19,5) (-1, -1)
[info]: 10时19分47秒: OnCellLeftClick: (22,3) (507, 608)
[info]: 10时19分47秒: OnRangeSelect: Deselected  top-left (0, 0), bottom-right (24, 24)
[info]: 10时19分47秒: OnSelectCell: Selected (22,3) (-1, -1)
[info]: 10时19分47秒: OnRangeSelect: Selected  top-left (21, 3), bottom-right (22, 8)
[info]: 10时31分21秒: Running stat module...
[info]: 10时31分23秒: OnCellLeftClick: (2,3) (509, 90)
[info]: 10时31分23秒: OnRangeSelect: Deselected  top-left (0, 0), bottom-right (24, 24)
[info]: 10时31分23秒: OnSelectCell: Selected (2,3) (-1, -1)
[info]: 10时31分25秒: OnCellLeftClick: (11,1) (371, 355)
[info]: 10时31分25秒: OnRangeSelect: Deselected  top-left (0, 0), bottom-right (24, 24)
[info]: 10时31分25秒: OnSelectCell: Selected (11,1) (-1, -1)
[info]: 10时31分25秒: OnCellLeftDClick: (11,1) (371, 355)
[info]: 10时31分26秒: OnRangeSelect: Deselected  top-left (0, 0), bottom-right (24, 24)
[info]: 10时31分26秒: OnEditorShown: (11,1) (-1, -1)
[info]: 10时31分26秒: OnEditorCreated: (11, 1) <wx._controls.TextCtrl; proxy of <Swig Object of type 'wxTextCtrl *' at 0x9486970> >
[info]: 10时31分26秒: OnEditorHidden: (11,1) (-1, -1)
[info]: 10时31分26秒: OnCellLeftClick: (3,3) (433, 109)
[info]: 10时31分26秒: OnRangeSelect: Deselected  top-left (0, 0), bottom-right (24, 24)
[info]: 10时31分26秒: OnSelectCell: Selected (3,3) (-1, -1)
[info]: 10时31分27秒: OnCellLeftClick: (3,3) (433, 109)
[info]: 10时31分27秒: OnRangeSelect: Deselected  top-left (0, 0), bottom-right (24, 24)
[info]: 10时31分27秒: OnSelectCell: Selected (3,3) (-1, -1)
[info]: 10时31分27秒: OnCellLeftClick: (2,3) (431, 87)
[info]: 10时31分27秒: OnRangeSelect: Deselected  top-left (0, 0), bottom-right (24, 24)
[info]: 10时31分27秒: OnSelectCell: Selected (2,3) (-1, -1)
[info]: 10时31分28秒: OnCellLeftDClick: (2,3) (431, 87)
[info]: 10时31分28秒: OnRangeSelect: Deselected  top-left (0, 0), bottom-right (24, 24)
[info]: 10时31分28秒: OnEditorShown: (2,3) (-1, -1)
[info]: 10时31分28秒: OnEditorHidden: (2,3) (-1, -1)
[info]: 10时31分28秒: OnCellLeftClick: (1,3) (419, 60)
[info]: 10时31分28秒: OnRangeSelect: Deselected  top-left (0, 0), bottom-right (24, 24)
[info]: 10时31分28秒: OnSelectCell: Selected (1,3) (-1, -1)
[info]: 10时31分28秒: OnCellLeftDClick: (1,3) (419, 60)
[info]: 10时31分28秒: OnRangeSelect: Deselected  top-left (0, 0), bottom-right (24, 24)
[info]: 10时31分28秒: OnEditorShown: (1,3) (-1, -1)
[info]: 10时31分29秒: OnEditorHidden: (1,3) (-1, -1)
[info]: 10时31分31秒: OnCellLeftClick: (24,3) (471, 669)
[info]: 10时31分31秒: OnRangeSelect: Deselected  top-left (0, 0), bottom-right (24, 24)
[info]: 10时31分31秒: OnSelectCell: Selected (24,3) (-1, -1)
[info]: 10时31分34秒: OnRangeSelect: Selected  top-left (1, 0), bottom-right (24, 3)
[info]: 10时31分34秒: OnCellLeftClick: (4,4) (580, 170)
[info]: 10时31分34秒: OnRangeSelect: Deselected  top-left (0, 0), bottom-right (24, 24)
[info]: 10时31分34秒: OnSelectCell: Selected (4,4) (-1, -1)
[info]: 10时31分37秒: OnColSize: col 8, (840, 66)
[info]: 10时31分38秒: OnColSize: col 9, (881, 49)
[info]: 10时33分45秒: Running stat module...
[info]: 10时33分47秒: OnCellLeftClick: (15,3) (460, 448)
[info]: 10时33分47秒: OnRangeSelect: Deselected  top-left (0, 0), bottom-right (24, 24)
[info]: 10时33分47秒: OnSelectCell: Selected (15,3) (-1, -1)
[info]: 10时33分52秒: OnRangeSelect: Selected  top-left (1, 2), bottom-right (15, 3)
[info]: 10时31分57秒: Running stat module...
[info]: 10时32分01秒: OnLabelLeftClick: (8,-1) (43, 254)
[info]: 10时32分01秒: OnRangeSelect: Deselected  top-left (0, 0), bottom-right (24, 24)
[info]: 10时32分01秒: OnRangeSelect: Selected  top-left (8, 0), bottom-right (8, 24)
[info]: 10时32分02秒: OnRangeSelect: Selected  top-left (9, 0), bottom-right (9, 24)
[info]: 10时32分02秒: OnRangeSelect: Selected  top-left (10, 0), bottom-right (10, 24)
[info]: 10时32分02秒: OnRangeSelect: Selected  top-left (11, 0), bottom-right (11, 24)
[info]: 10时32分02秒: OnRangeSelect: Selected  top-left (12, 0), bottom-right (12, 24)
[info]: 10时32分02秒: OnRangeSelect: Selected  top-left (13, 0), bottom-right (13, 24)
[info]: 10时32分02秒: OnRangeSelect: Selected  top-left (14, 0), bottom-right (14, 24)
[info]: 10时32分02秒: OnRangeSelect: Selected  top-left (15, 0), bottom-right (15, 24)
[info]: 10时32分02秒: OnRangeSelect: Selected  top-left (16, 0), bottom-right (16, 24)
[info]: 10时32分02秒: OnRangeSelect: Selected  top-left (17, 0), bottom-right (17, 24)
[info]: 10时32分02秒: OnRangeSelect: Selected  top-left (18, 0), bottom-right (18, 24)
[info]: 10时32分02秒: OnRangeSelect: Selected  top-left (19, 0), bottom-right (19, 24)
[info]: 10时32分02秒: OnRangeSelect: Selected  top-left (20, 0), bottom-right (20, 24)
[info]: 10时32分02秒: OnRangeSelect: Selected  top-left (21, 0), bottom-right (21, 24)
[info]: 10时32分02秒: OnRangeSelect: Selected  top-left (22, 0), bottom-right (22, 24)
[info]: 10时32分02秒: OnRangeSelect: Selected  top-left (23, 0), bottom-right (23, 24)
[info]: 10时32分02秒: OnRangeSelect: Selected  top-left (24, 0), bottom-right (24, 24)
[info]: 10时39分21秒: Running stat module...
[info]: 10时39分22秒: OnCellLeftClick: (11,4) (531, 350)
[info]: 10时39分22秒: OnRangeSelect: Deselected  top-left (0, 0), bottom-right (24, 24)
[info]: 10时39分22秒: OnSelectCell: Selected (11,4) (-1, -1)
[info]: 10时39分26秒: OnRangeSelect: Selected  top-left (3, 4), bottom-right (11, 23)
[info]: 10时39分27秒: OnCellLeftClick: (7,21) (409, 233)
[info]: 10时39分27秒: OnRangeSelect: Deselected  top-left (0, 0), bottom-right (24, 24)
[info]: 10时39分27秒: OnSelectCell: Selected (7,21) (-1, -1)
[info]: 10时39分27秒: OnCellLeftClick: (4,22) (498, 159)
[info]: 10时39分27秒: OnRangeSelect: Deselected  top-left (0, 0), bottom-right (24, 24)
[info]: 10时39分27秒: OnSelectCell: Selected (4,22) (-1, -1)
[info]: 10时39分29秒: OnRangeSelect: Selected  top-left (0, 1), bottom-right (4, 22)
[info]: 10时39分31秒: OnCellLeftClick: (17,6) (650, 495)
[info]: 10时39分31秒: OnRangeSelect: Deselected  top-left (0, 0), bottom-right (24, 24)
[info]: 10时39分31秒: OnSelectCell: Selected (17,6) (-1, -1)
[info]: 10时39分37秒: OnCellLeftClick: (11,1) (330, 401)
[info]: 10时39分37秒: OnRangeSelect: Deselected  top-left (0, 0), bottom-right (24, 24)
[info]: 10时39分37秒: OnRowSize: row 13, (442, 204)
[info]: 10时39分38秒: OnCellLeftClick: (9,3) (394, 284)
[info]: 10时39分38秒: OnRangeSelect: Deselected  top-left (0, 0), bottom-right (24, 24)
[info]: 10时39分38秒: OnSelectCell: Selected (9,3) (-1, -1)
[info]: 10时39分42秒: OnRangeSelect: Selected  top-left (3, 3), bottom-right (9, 3)
[info]: 10时39分43秒: OnCellLeftClick: (7,5) (370, 243)
[info]: 10时39分43秒: OnRangeSelect: Deselected  top-left (0, 0), bottom-right (24, 24)
[info]: 10时39分43秒: OnSelectCell: Selected (7,5) (-1, -1)
[info]: 10时39分47秒: OnCellLeftClick: (15,3) (373, 426)
[info]: 10时39分47秒: OnRangeSelect: Deselected  top-left (0, 0), bottom-right (24, 24)
[info]: 10时39分47秒: OnSelectCell: Selected (15,3) (-1, -1)
[info]: 10时39分58秒: Running stat module...
[info]: 10时40分18秒: Running stat module...
[info]: 10时40分24秒: OnCellLeftClick: (17,4) (586, 487)
[info]: 10时40分24秒: OnRangeSelect: Deselected  top-left (0, 0), bottom-right (24, 24)
[info]: 10时40分24秒: OnSelectCell: Selected (17,4) (-1, -1)
[info]: 10时47分47秒: Running stat module...
[info]: 10时49分49秒: Running stat module...
[info]: 10时50分25秒: Running stat module...
[info]: 10时55分23秒: Running stat module...
[info]: 10时55分35秒: Running stat module...
[info]: 10时55分48秒: Running stat module...
[info]: 10时56分02秒: Running stat module...
[info]: 10时56分30秒: Running stat module...
[info]: 10时57分00秒: Running stat module...
[info]: 11时00分04秒: Running stat module...
[info]: 11时01分04秒: Running stat module...
[info]: 11时06分03秒: Running stat module...
[info]: 11时06分15秒: Running stat module...
[info]: 11时06分32秒: Running stat module...
[info]: 11时08分45秒: Running stat module...
[info]: 11时10分28秒: Running stat module...
[info]: 11时11分14秒: Running stat module...
[info]: 11时11分45秒: Running stat module...
[info]: 11时12分00秒: Running stat module...
[info]: 11时12分12秒: Running stat module...
[info]: 11时13分33秒: Running stat module...
[info]: 11时14分45秒: Running stat module...
[info]: 11时14分51秒: OnCellLeftClick: (8,3) (392, 276)
[info]: 11时14分51秒: OnRangeSelect: Deselected  top-left (0, 0), bottom-right (24, 24)
[info]: 11时14分52秒: OnRowSize: row 8, (399, 382)
[info]: 11时14分53秒: OnCellLeftClick: (8,3) (412, 352)
[info]: 11时14分53秒: OnRangeSelect: Deselected  top-left (0, 0), bottom-right (24, 24)
[info]: 11时14分53秒: OnSelectCell: Selected (8,3) (-1, -1)
[info]: 11时14分54秒: OnRangeSelect: Selected  top-left (8, 3), bottom-right (8, 3)
[info]: 11时14分54秒: OnRangeSelect: Selected  top-left (8, 3), bottom-right (8, 3)
[info]: 11时14分54秒: OnCellLeftClick: (8,4) (531, 280)
[info]: 11时14分54秒: OnRangeSelect: Deselected  top-left (0, 0), bottom-right (24, 24)
[info]: 11时14分54秒: OnSelectCell: Selected (8,4) (-1, -1)
[info]: 11时15分00秒: Running stat module...
[info]: 11时15分02秒: Running stat module...
[info]: 11时15分04秒: Running stat module...
[info]: 11时26分28秒: Running stat module...
[info]: 11时27分44秒: Running stat module...
[info]: 11时31分01秒: Running stat module...
[info]: 11时34分05秒: Running stat module...
[info]: 11时36分14秒: Running stat module...
[info]: 14时36分26秒: Running stat module...
[info]: 14时36分34秒: OnCellLeftClick: (17,3) (369, 491)
[info]: 14时36分34秒: OnRangeSelect: Deselected  top-left (0, 0), bottom-right (24, 24)
[info]: 14时36分34秒: OnSelectCell: Selected (17,3) (-1, -1)
[info]: 14时36分34秒: OnRangeSelect: Selected  top-left (17, 3), bottom-right (17, 6)
[info]: 14时36分35秒: OnCellLeftClick: (11,6) (760, 339)
[info]: 14时36分35秒: OnRangeSelect: Deselected  top-left (0, 0), bottom-right (24, 24)
[info]: 14时36分35秒: OnSelectCell: Selected (11,6) (-1, -1)
[info]: 14时41分55秒: Running stat module...
[info]: 14时42分08秒: Running stat module...
[info]: 14时49分44秒: Running stat module...
[info]: 14时49分52秒: Running stat module...
[info]: 14时50分16秒: Running stat module...
[info]: 14时52分14秒: Running stat module...
[info]: 14时52分40秒: Running stat module...
[info]: 14时53分10秒: Running stat module...
[info]: 14时53分39秒: Running stat module...
