[info]: 10时35分44秒: Running stat module...
[info]: 16时48分56秒: Running stat module...
[info]: 16时48分58秒: Running stat module...
[info]: 16时52分12秒: Running stat module...
[info]: 16时52分15秒: Running stat module...
[info]: 16时53分20秒: Running stat module...
[info]: 16时53分22秒: Running stat module...
[info]: 16时53分44秒: Running stat module...
[info]: 16时54分16秒: Running stat module...
[info]: 16时55分29秒: Running stat module...
[info]: 16时55分32秒: Running stat module...
[info]: 16时55分32秒: Running stat module...
[info]: 16时55分33秒: Running stat module...
[info]: 16时55分36秒: OnCellLeftClick: (2,0) (144, 90)
[info]: 16时55分36秒: OnRangeSelect: Deselected  top-left (0, 0), bottom-right (24, 24)
[info]: 16时55分36秒: OnSelectCell: Selected (2,0) (-1, -1)
[info]: 16时55分36秒: OnCellLeftDClick: (2,0) (144, 90)
[info]: 16时55分36秒: OnRangeSelect: Deselected  top-left (0, 0), bottom-right (24, 24)
[info]: 16时55分36秒: OnEditorShown: (2,0) (-1, -1)
[info]: 16时55分36秒: OnEditorCreated: (2, 0) <wx._controls.TextCtrl; proxy of <Swig Object of type 'wxTextCtrl *' at 0x9ae43d0> >
[info]: 16时55分42秒: OnEditorHidden: (2,0) (-1, -1)
[info]: 16时59分09秒: Running stat module...
[info]: 16时59分12秒: Running stat module...
[info]: 16时59分34秒: Running stat module...
