[info]: 14:46:04: OnMaximize
[info]: 14:46:04: Running stat module...
[info]: 14:46:05: OnMaximize
[info]: 14:46:05: OnMaximize
[info]: 14:46:06: OnCellLeftClick: (5,2) (320, 153)
[info]: 14:46:06: OnRangeSelect: Deselected  top-left (0, 0), bottom-right (24, 24)
[info]: 14:46:06: OnSelectCell: Selected (5,2) (-1, -1)
[info]: 14:46:07: OnLabelLeftClick: (-1,2) (281, 7)
[info]: 14:46:07: OnRangeSelect: Deselected  top-left (0, 0), bottom-right (24, 24)
[info]: 14:46:07: OnRangeSelect: Selected  top-left (0, 2), bottom-right (24, 2)
[info]: 14:46:07: OnLabelLeftDClick: (-1,2) (281, 7)
[info]: 14:46:07: OnLabelLeftClick: (-1,1) (187, 14)
[info]: 14:46:07: OnRangeSelect: Deselected  top-left (0, 0), bottom-right (24, 24)
[info]: 14:46:07: OnRangeSelect: Selected  top-left (0, 1), bottom-right (24, 1)
[info]: 14:46:08: OnLabelLeftClick: (-1,0) (113, 17)
[info]: 14:46:08: OnRangeSelect: Deselected  top-left (0, 0), bottom-right (24, 24)
[info]: 14:46:08: OnRangeSelect: Selected  top-left (0, 0), bottom-right (24, 0)
[info]: 14:46:08: OnLabelLeftClick: (-1,1) (193, 13)
[info]: 14:46:08: OnRangeSelect: Deselected  top-left (0, 0), bottom-right (24, 24)
[info]: 14:46:08: OnRangeSelect: Selected  top-left (0, 1), bottom-right (24, 1)
[info]: 14:46:10: OnColSize: col 0, (245, 45)
[info]: 14:46:10: OnCellLeftClick: (2,3) (459, 72)
[info]: 14:46:10: OnRangeSelect: Deselected  top-left (0, 0), bottom-right (24, 24)
[info]: 14:46:10: OnSelectCell: Selected (2,3) (-1, -1)
[info]: 14:46:10: OnRangeSelect: Selected  top-left (2, 3), bottom-right (2, 3)
[info]: 14:46:10: OnRangeSelect: Selected  top-left (2, 3), bottom-right (2, 3)
[info]: 14:46:11: OnLabelLeftClick: (-1,3) (480, 29)
[info]: 14:46:11: OnRangeSelect: Deselected  top-left (0, 0), bottom-right (24, 24)
[info]: 14:46:11: OnRangeSelect: Selected  top-left (0, 3), bottom-right (24, 3)
[info]: 14:46:11: OnCellLeftClick: (2,3) (481, 85)
[info]: 14:46:11: OnRangeSelect: Deselected  top-left (0, 0), bottom-right (24, 24)
[info]: 14:46:12: OnRowSize: row 2, (481, 85)
[info]: 14:46:12: OnCellLeftClick: (2,3) (493, 74)
[info]: 14:46:12: OnRangeSelect: Deselected  top-left (0, 0), bottom-right (24, 24)
[info]: 14:46:12: OnSelectCell: Selected (2,3) (-1, -1)
[info]: 14:46:12: OnRangeSelect: Deselected  top-left (0, 0), bottom-right (24, 24)
[info]: 14:46:12: OnEditorShown: (2,3) (-1, -1)
[info]: 14:46:12: OnEditorCreated: (2, 3) <wx._controls.TextCtrl; proxy of <Swig Object of type 'wxTextCtrl *' at 0x2c7abc8> >
[info]: 14:46:13: OnEditorHidden: (2,3) (-1, -1)
[info]: 14:46:13: OnCellLeftClick: (4,3) (475, 137)
[info]: 14:46:13: OnRangeSelect: Deselected  top-left (0, 0), bottom-right (24, 24)
[info]: 14:46:13: OnSelectCell: Selected (4,3) (-1, -1)
[info]: 14:46:14: OnCellLeftClick: (2,2) (397, 68)
[info]: 14:46:14: OnRangeSelect: Deselected  top-left (0, 0), bottom-right (24, 24)
[info]: 14:46:14: OnRowSize: row 1, (397, 68)
[info]: 14:46:14: OnCellLeftClick: (2,2) (381, 71)
[info]: 14:46:14: OnRangeSelect: Deselected  top-left (0, 0), bottom-right (24, 24)
[info]: 14:46:14: OnSelectCell: Selected (2,2) (-1, -1)
[info]: 14:46:14: OnCellLeftDClick: (2,2) (381, 71)
[info]: 14:46:14: OnRangeSelect: Deselected  top-left (0, 0), bottom-right (24, 24)
[info]: 14:46:14: OnEditorShown: (2,2) (-1, -1)
[info]: 14:46:16: OnEditorHidden: (2,2) (-1, -1)
[info]: 14:46:16: OnCellLeftClick: (4,3) (497, 126)
[info]: 14:46:16: OnRangeSelect: Deselected  top-left (0, 0), bottom-right (24, 24)
[info]: 14:46:16: OnSelectCell: Selected (4,3) (-1, -1)
[info]: 14:46:16: OnCellLeftDClick: (4,3) (497, 126)
[info]: 14:46:16: OnRangeSelect: Deselected  top-left (0, 0), bottom-right (24, 24)
[info]: 14:46:16: OnEditorShown: (4,3) (-1, -1)
[info]: 14:46:19: OnEditorHidden: (4,3) (-1, -1)
[info]: 14:46:19: OnCellChange: (4,3) (-1, -1)
[info]: 14:46:19: OnCellLeftClick: (13,5) (728, 310)
[info]: 14:46:19: OnRangeSelect: Deselected  top-left (0, 0), bottom-right (24, 24)
[info]: 14:46:19: OnRowSize: row 13, (728, 310)
[info]: 14:46:20: OnCellLeftClick: (13,5) (728, 310)
[info]: 14:46:20: OnRangeSelect: Deselected  top-left (0, 0), bottom-right (24, 24)
[info]: 14:46:20: OnCellLeftDClick: (13,5) (728, 309)
[info]: 14:46:20: OnCellLeftClick: (12,5) (687, 280)
[info]: 14:46:20: OnRangeSelect: Deselected  top-left (0, 0), bottom-right (24, 24)
[info]: 14:46:20: OnSelectCell: Selected (12,5) (-1, -1)
[info]: 14:46:21: OnCellLeftDClick: (12,5) (687, 280)
[info]: 14:46:21: OnRangeSelect: Deselected  top-left (0, 0), bottom-right (24, 24)
[info]: 14:46:21: OnEditorShown: (12,5) (-1, -1)
[info]: 14:46:21: OnEditorHidden: (12,5) (-1, -1)
[info]: 14:46:21: OnCellLeftClick: (11,4) (663, 274)
[info]: 14:46:21: OnRangeSelect: Deselected  top-left (0, 0), bottom-right (24, 24)
[info]: 14:46:21: OnRowSize: row 11, (663, 274)
[info]: 14:46:22: OnCellLeftClick: (11,4) (663, 274)
[info]: 14:46:22: OnRangeSelect: Deselected  top-left (0, 0), bottom-right (24, 24)
[info]: 14:46:22: OnCellLeftClick: (11,4) (660, 267)
[info]: 14:46:22: OnRangeSelect: Deselected  top-left (0, 0), bottom-right (24, 24)
[info]: 14:46:22: OnSelectCell: Selected (11,4) (-1, -1)
[info]: 14:46:22: OnCellLeftDClick: (11,4) (660, 267)
[info]: 14:46:23: OnRangeSelect: Deselected  top-left (0, 0), bottom-right (24, 24)
[info]: 14:46:23: OnEditorShown: (11,4) (-1, -1)
[info]: 14:46:24: OnEditorHidden: (11,4) (-1, -1)
[info]: 14:46:26: OnCellLeftClick: (4,3) (530, 132)
[info]: 14:46:26: OnRangeSelect: Deselected  top-left (0, 0), bottom-right (24, 24)
[info]: 14:46:26: OnSelectCell: Selected (4,3) (-1, -1)
[info]: 14:46:26: OnCellLeftDClick: (4,3) (530, 132)
[info]: 14:46:26: OnRangeSelect: Deselected  top-left (0, 0), bottom-right (24, 24)
[info]: 14:46:26: OnEditorShown: (4,3) (-1, -1)
[info]: 14:46:29: OnEditorHidden: (4,3) (-1, -1)
[info]: 14:46:29: OnCellLeftClick: (4,2) (346, 140)
[info]: 14:46:29: OnRangeSelect: Deselected  top-left (0, 0), bottom-right (24, 24)
[info]: 14:46:29: OnSelectCell: Selected (4,2) (-1, -1)
[info]: 14:46:29: OnCellLeftDClick: (4,2) (346, 140)
[info]: 14:46:29: OnRangeSelect: Deselected  top-left (0, 0), bottom-right (24, 24)
[info]: 14:46:29: OnEditorShown: (4,2) (-1, -1)
[info]: 14:46:30: OnEditorHidden: (4,2) (-1, -1)
[info]: 14:46:30: OnCellLeftClick: (4,1) (287, 122)
[info]: 14:46:30: OnRangeSelect: Deselected  top-left (0, 0), bottom-right (24, 24)
[info]: 14:46:30: OnSelectCell: Selected (4,1) (-1, -1)
[info]: 14:46:30: OnCellLeftDClick: (4,1) (287, 122)
[info]: 14:46:30: OnRangeSelect: Deselected  top-left (0, 0), bottom-right (24, 24)
[info]: 14:46:30: OnEditorShown: (4,1) (-1, -1)
[info]: 14:46:43: OnEditorHidden: (4,1) (-1, -1)
[info]: 14:46:51: OnMaximize
[info]: 14:46:51: Running stat module...
[info]: 14:46:51: OnMaximize
[info]: 14:46:51: OnMaximize
